<!DOCTYPE html>

<html>
  <head>
  <meta charset='utf-8'>
  <title>TestNG reports</title>

    <link type="text/css" href="testng-reports1.css" rel="stylesheet" id="ultra" />
    <link type="text/css" href="testng-reports.css" rel="stylesheet" id="retro" disabled="false"/>
    <script type="text/javascript" src="jquery-3.6.0.min.js"></script>
    <script type="text/javascript" src="testng-reports.js"></script>
    <script type="text/javascript" src="https://www.google.com/jsapi"></script>
    <script type='text/javascript'>
      google.load('visualization', '1', {packages:['table']});
      google.setOnLoadCallback(drawTable);
      var suiteTableInitFunctions = new Array();
      var suiteTableData = new Array();
    </script>
    <!--
      <script type="text/javascript" src="jquery-ui/js/jquery-ui-1.8.16.custom.min.js"></script>
     -->
  </head>

  <body>    <div class="top-banner-root">
      <span class="top-banner-title-font">Test results</span>
      <button id="button" class="button">Switch Retro Theme</button> <!-- button -->
      <br/>
      <span class="top-banner-font-1">1 suite</span>
    </div> <!-- top-banner-root -->
    <div class="navigator-root">
      <div class="navigator-suite-header">
        <span>All suites</span>
        <a href="#" title="Collapse/expand all the suites" class="collapse-all-link">
          <img src="collapseall.gif" class="collapse-all-icon">
          </img> <!-- collapse-all-icon -->
        </a> <!-- collapse-all-link -->
      </div> <!-- navigator-suite-header -->
      <div class="suite">
        <div class="rounded-window">
          <div class="suite-header light-rounded-window-top">
            <a href="#" panel-name="suite-Flight_Reservation_Test_Suite" class="navigator-link">
              <span class="suite-name border-skipped">Flight Reservation Test Suite</span>
            </a> <!-- navigator-link -->
          </div> <!-- suite-header light-rounded-window-top -->
          <div class="navigator-suite-content">
            <div class="suite-section-title">
              <span>Info</span>
            </div> <!-- suite-section-title -->
            <div class="suite-section-content">
              <ul>
                <li>
                  <a href="#" panel-name="test-xml-Flight_Reservation_Test_Suite" class="navigator-link ">
                    <span>flight-reservation.xml</span>
                  </a> <!-- navigator-link  -->
                </li>
                <li>
                  <a href="#" panel-name="testlist-Flight_Reservation_Test_Suite" class="navigator-link ">
                    <span class="test-stats">5 tests</span>
                  </a> <!-- navigator-link  -->
                </li>
                <li>
                  <a href="#" panel-name="group-Flight_Reservation_Test_Suite" class="navigator-link ">
                    <span>0 groups</span>
                  </a> <!-- navigator-link  -->
                </li>
                <li>
                  <a href="#" panel-name="times-Flight_Reservation_Test_Suite" class="navigator-link ">
                    <span>Times</span>
                  </a> <!-- navigator-link  -->
                </li>
                <li>
                  <a href="#" panel-name="reporter-Flight_Reservation_Test_Suite" class="navigator-link ">
                    <span>Reporter output</span>
                  </a> <!-- navigator-link  -->
                </li>
                <li>
                  <a href="#" panel-name="ignored-methods-Flight_Reservation_Test_Suite" class="navigator-link ">
                    <span>Ignored methods</span>
                  </a> <!-- navigator-link  -->
                </li>
                <li>
                  <a href="#" panel-name="chronological-Flight_Reservation_Test_Suite" class="navigator-link ">
                    <span>Chronological view</span>
                  </a> <!-- navigator-link  -->
                </li>
              </ul>
            </div> <!-- suite-section-content -->
            <div class="result-section">
              <div class="suite-section-title">
                <span>Results</span>
              </div> <!-- suite-section-title -->
              <div class="suite-section-content">
                <ul>
                  <li>
                    <span class="method-stats">20 methods,  20 skipped,  </span>
                  </li>
                  <li>
                    <span class="method-list-title skipped">Skipped methods</span>
                    <span class="show-or-hide-methods skipped">
                      <a href="#" panel-name="suite-Flight_Reservation_Test_Suite" class="hide-methods skipped suite-Flight_Reservation_Test_Suite"> (hide)</a> <!-- hide-methods skipped suite-Flight_Reservation_Test_Suite -->
                      <a href="#" panel-name="suite-Flight_Reservation_Test_Suite" class="show-methods skipped suite-Flight_Reservation_Test_Suite"> (show)</a> <!-- show-methods skipped suite-Flight_Reservation_Test_Suite -->
                    </span>
                    <div class="method-list-content skipped suite-Flight_Reservation_Test_Suite">
                      <span>
                        <img src="skipped.png" width="3%"/>
                        <a href="#" panel-name="suite-Flight_Reservation_Test_Suite" title="com.AB.tests.flightReservation.FlightReservationTest" class="method navigator-link" hash-for-method="flightConfirmationTest">flightConfirmationTest</a> <!-- method navigator-link -->
                      </span>
                      <br/>
                      <span>
                        <img src="skipped.png" width="3%"/>
                        <a href="#" panel-name="suite-Flight_Reservation_Test_Suite" title="com.AB.tests.flightReservation.FlightReservationTest" class="method navigator-link" hash-for-method="flightConfirmationTest">flightConfirmationTest</a> <!-- method navigator-link -->
                      </span>
                      <br/>
                      <span>
                        <img src="skipped.png" width="3%"/>
                        <a href="#" panel-name="suite-Flight_Reservation_Test_Suite" title="com.AB.tests.flightReservation.FlightReservationTest" class="method navigator-link" hash-for-method="flightConfirmationTest">flightConfirmationTest</a> <!-- method navigator-link -->
                      </span>
                      <br/>
                      <span>
                        <img src="skipped.png" width="3%"/>
                        <a href="#" panel-name="suite-Flight_Reservation_Test_Suite" title="com.AB.tests.flightReservation.FlightReservationTest" class="method navigator-link" hash-for-method="flightConfirmationTest">flightConfirmationTest</a> <!-- method navigator-link -->
                      </span>
                      <br/>
                      <span>
                        <img src="skipped.png" width="3%"/>
                        <a href="#" panel-name="suite-Flight_Reservation_Test_Suite" title="com.AB.tests.flightReservation.FlightReservationTest" class="method navigator-link" hash-for-method="flightSearchTest">flightSearchTest</a> <!-- method navigator-link -->
                      </span>
                      <br/>
                      <span>
                        <img src="skipped.png" width="3%"/>
                        <a href="#" panel-name="suite-Flight_Reservation_Test_Suite" title="com.AB.tests.flightReservation.FlightReservationTest" class="method navigator-link" hash-for-method="flightSearchTest">flightSearchTest</a> <!-- method navigator-link -->
                      </span>
                      <br/>
                      <span>
                        <img src="skipped.png" width="3%"/>
                        <a href="#" panel-name="suite-Flight_Reservation_Test_Suite" title="com.AB.tests.flightReservation.FlightReservationTest" class="method navigator-link" hash-for-method="flightSearchTest">flightSearchTest</a> <!-- method navigator-link -->
                      </span>
                      <br/>
                      <span>
                        <img src="skipped.png" width="3%"/>
                        <a href="#" panel-name="suite-Flight_Reservation_Test_Suite" title="com.AB.tests.flightReservation.FlightReservationTest" class="method navigator-link" hash-for-method="flightSearchTest">flightSearchTest</a> <!-- method navigator-link -->
                      </span>
                      <br/>
                      <span>
                        <img src="skipped.png" width="3%"/>
                        <a href="#" panel-name="suite-Flight_Reservation_Test_Suite" title="com.AB.tests.flightReservation.FlightReservationTest" class="method navigator-link" hash-for-method="flightSelectionTest">flightSelectionTest</a> <!-- method navigator-link -->
                      </span>
                      <br/>
                      <span>
                        <img src="skipped.png" width="3%"/>
                        <a href="#" panel-name="suite-Flight_Reservation_Test_Suite" title="com.AB.tests.flightReservation.FlightReservationTest" class="method navigator-link" hash-for-method="flightSelectionTest">flightSelectionTest</a> <!-- method navigator-link -->
                      </span>
                      <br/>
                      <span>
                        <img src="skipped.png" width="3%"/>
                        <a href="#" panel-name="suite-Flight_Reservation_Test_Suite" title="com.AB.tests.flightReservation.FlightReservationTest" class="method navigator-link" hash-for-method="flightSelectionTest">flightSelectionTest</a> <!-- method navigator-link -->
                      </span>
                      <br/>
                      <span>
                        <img src="skipped.png" width="3%"/>
                        <a href="#" panel-name="suite-Flight_Reservation_Test_Suite" title="com.AB.tests.flightReservation.FlightReservationTest" class="method navigator-link" hash-for-method="flightSelectionTest">flightSelectionTest</a> <!-- method navigator-link -->
                      </span>
                      <br/>
                      <span>
                        <img src="skipped.png" width="3%"/>
                        <a href="#" panel-name="suite-Flight_Reservation_Test_Suite" title="com.AB.tests.flightReservation.FlightReservationTest" class="method navigator-link" hash-for-method="registrationConfirmationTest">registrationConfirmationTest</a> <!-- method navigator-link -->
                      </span>
                      <br/>
                      <span>
                        <img src="skipped.png" width="3%"/>
                        <a href="#" panel-name="suite-Flight_Reservation_Test_Suite" title="com.AB.tests.flightReservation.FlightReservationTest" class="method navigator-link" hash-for-method="registrationConfirmationTest">registrationConfirmationTest</a> <!-- method navigator-link -->
                      </span>
                      <br/>
                      <span>
                        <img src="skipped.png" width="3%"/>
                        <a href="#" panel-name="suite-Flight_Reservation_Test_Suite" title="com.AB.tests.flightReservation.FlightReservationTest" class="method navigator-link" hash-for-method="registrationConfirmationTest">registrationConfirmationTest</a> <!-- method navigator-link -->
                      </span>
                      <br/>
                      <span>
                        <img src="skipped.png" width="3%"/>
                        <a href="#" panel-name="suite-Flight_Reservation_Test_Suite" title="com.AB.tests.flightReservation.FlightReservationTest" class="method navigator-link" hash-for-method="registrationConfirmationTest">registrationConfirmationTest</a> <!-- method navigator-link -->
                      </span>
                      <br/>
                      <span>
                        <img src="skipped.png" width="3%"/>
                        <a href="#" panel-name="suite-Flight_Reservation_Test_Suite" title="com.AB.tests.flightReservation.FlightReservationTest" class="method navigator-link" hash-for-method="userRegistrationTest">userRegistrationTest</a> <!-- method navigator-link -->
                      </span>
                      <br/>
                      <span>
                        <img src="skipped.png" width="3%"/>
                        <a href="#" panel-name="suite-Flight_Reservation_Test_Suite" title="com.AB.tests.flightReservation.FlightReservationTest" class="method navigator-link" hash-for-method="userRegistrationTest">userRegistrationTest</a> <!-- method navigator-link -->
                      </span>
                      <br/>
                      <span>
                        <img src="skipped.png" width="3%"/>
                        <a href="#" panel-name="suite-Flight_Reservation_Test_Suite" title="com.AB.tests.flightReservation.FlightReservationTest" class="method navigator-link" hash-for-method="userRegistrationTest">userRegistrationTest</a> <!-- method navigator-link -->
                      </span>
                      <br/>
                      <span>
                        <img src="skipped.png" width="3%"/>
                        <a href="#" panel-name="suite-Flight_Reservation_Test_Suite" title="com.AB.tests.flightReservation.FlightReservationTest" class="method navigator-link" hash-for-method="userRegistrationTest">userRegistrationTest</a> <!-- method navigator-link -->
                      </span>
                      <br/>
                    </div> <!-- method-list-content skipped suite-Flight_Reservation_Test_Suite -->
                  </li>
                </ul>
              </div> <!-- suite-section-content -->
            </div> <!-- result-section -->
          </div> <!-- navigator-suite-content -->
        </div> <!-- rounded-window -->
      </div> <!-- suite -->
    </div> <!-- navigator-root -->
    <div class="wrapper">
      <div class="main-panel-root">
        <div panel-name="suite-Flight_Reservation_Test_Suite" class="panel Flight_Reservation_Test_Suite">
          <div class="suite-Flight_Reservation_Test_Suite-class-skipped">
            <div class="main-panel-header rounded-window-top">
              <img src="skipped.png"/>
              <span class="class-name">com.AB.tests.flightReservation.FlightReservationTest</span>
            </div> <!-- main-panel-header rounded-window-top -->
            <div class="main-panel-content rounded-window-bottom">
              <div class="method">
                <div class="method-content">
                  <a name="flightConfirmationTest">
                  </a> <!-- flightConfirmationTest -->
                  <span class="method-name">flightConfirmationTest</span>
                  <div class="stack-trace">java.lang.Throwable: Method com.AB.tests.flightReservation.FlightReservationTest.flightConfirmationTest() on instance com.AB.tests.flightReservation.FlightReservationTest@f09733f depends on not successfully finished methods 
[com.AB.tests.flightReservation.FlightReservationTest.flightSelectionTest() on instance com.AB.tests.flightReservation.FlightReservationTest@f09733f]
	at java.base/java.util.ArrayList.forEach(ArrayList.java:1511)
	at java.base/java.util.concurrent.FutureTask.run(FutureTask.java:264)
	at java.base/java.util.concurrent.ThreadPoolExecutor.runWorker(ThreadPoolExecutor.java:1136)
	at java.base/java.util.concurrent.ThreadPoolExecutor$Worker.run(ThreadPoolExecutor.java:635)
	at java.base/java.lang.Thread.run(Thread.java:840)
... Removed 8 stack frames
</div> <!-- stack-trace -->
                </div> <!-- method-content -->
              </div> <!-- method -->
              <div class="method">
                <div class="method-content">
                  <a name="flightConfirmationTest">
                  </a> <!-- flightConfirmationTest -->
                  <span class="method-name">flightConfirmationTest</span>
                  <div class="stack-trace">java.lang.Throwable: Method com.AB.tests.flightReservation.FlightReservationTest.flightConfirmationTest() on instance com.AB.tests.flightReservation.FlightReservationTest@229c6181 depends on not successfully finished methods 
[com.AB.tests.flightReservation.FlightReservationTest.flightSelectionTest() on instance com.AB.tests.flightReservation.FlightReservationTest@229c6181]
	at java.base/java.util.ArrayList.forEach(ArrayList.java:1511)
	at java.base/java.util.concurrent.FutureTask.run(FutureTask.java:264)
	at java.base/java.util.concurrent.ThreadPoolExecutor.runWorker(ThreadPoolExecutor.java:1136)
	at java.base/java.util.concurrent.ThreadPoolExecutor$Worker.run(ThreadPoolExecutor.java:635)
	at java.base/java.lang.Thread.run(Thread.java:840)
... Removed 8 stack frames
</div> <!-- stack-trace -->
                </div> <!-- method-content -->
              </div> <!-- method -->
              <div class="method">
                <div class="method-content">
                  <a name="flightConfirmationTest">
                  </a> <!-- flightConfirmationTest -->
                  <span class="method-name">flightConfirmationTest</span>
                  <div class="stack-trace">java.lang.Throwable: Method com.AB.tests.flightReservation.FlightReservationTest.flightConfirmationTest() on instance com.AB.tests.flightReservation.FlightReservationTest@3012646b depends on not successfully finished methods 
[com.AB.tests.flightReservation.FlightReservationTest.flightSelectionTest() on instance com.AB.tests.flightReservation.FlightReservationTest@3012646b]
	at java.base/java.util.ArrayList.forEach(ArrayList.java:1511)
	at java.base/java.util.concurrent.FutureTask.run(FutureTask.java:264)
	at java.base/java.util.concurrent.ThreadPoolExecutor.runWorker(ThreadPoolExecutor.java:1136)
	at java.base/java.util.concurrent.ThreadPoolExecutor$Worker.run(ThreadPoolExecutor.java:635)
	at java.base/java.lang.Thread.run(Thread.java:840)
... Removed 8 stack frames
</div> <!-- stack-trace -->
                </div> <!-- method-content -->
              </div> <!-- method -->
              <div class="method">
                <div class="method-content">
                  <a name="flightConfirmationTest">
                  </a> <!-- flightConfirmationTest -->
                  <span class="method-name">flightConfirmationTest</span>
                  <div class="stack-trace">java.lang.Throwable: Method com.AB.tests.flightReservation.FlightReservationTest.flightConfirmationTest() on instance com.AB.tests.flightReservation.FlightReservationTest@791f145a depends on not successfully finished methods 
[com.AB.tests.flightReservation.FlightReservationTest.flightSelectionTest() on instance com.AB.tests.flightReservation.FlightReservationTest@791f145a]
	at java.base/java.util.ArrayList.forEach(ArrayList.java:1511)
	at java.base/java.util.concurrent.FutureTask.run(FutureTask.java:264)
	at java.base/java.util.concurrent.ThreadPoolExecutor.runWorker(ThreadPoolExecutor.java:1136)
	at java.base/java.util.concurrent.ThreadPoolExecutor$Worker.run(ThreadPoolExecutor.java:635)
	at java.base/java.lang.Thread.run(Thread.java:840)
... Removed 8 stack frames
</div> <!-- stack-trace -->
                </div> <!-- method-content -->
              </div> <!-- method -->
              <div class="method">
                <div class="method-content">
                  <a name="flightSearchTest">
                  </a> <!-- flightSearchTest -->
                  <span class="method-name">flightSearchTest</span>
                  <div class="stack-trace">java.lang.Throwable: Method com.AB.tests.flightReservation.FlightReservationTest.flightSearchTest() on instance com.AB.tests.flightReservation.FlightReservationTest@f09733f depends on not successfully finished methods 
[com.AB.tests.flightReservation.FlightReservationTest.registrationConfirmationTest() on instance com.AB.tests.flightReservation.FlightReservationTest@f09733f]
	at java.base/java.util.ArrayList.forEach(ArrayList.java:1511)
	at java.base/java.util.concurrent.FutureTask.run(FutureTask.java:264)
	at java.base/java.util.concurrent.ThreadPoolExecutor.runWorker(ThreadPoolExecutor.java:1136)
	at java.base/java.util.concurrent.ThreadPoolExecutor$Worker.run(ThreadPoolExecutor.java:635)
	at java.base/java.lang.Thread.run(Thread.java:840)
... Removed 8 stack frames
</div> <!-- stack-trace -->
                </div> <!-- method-content -->
              </div> <!-- method -->
              <div class="method">
                <div class="method-content">
                  <a name="flightSearchTest">
                  </a> <!-- flightSearchTest -->
                  <span class="method-name">flightSearchTest</span>
                  <div class="stack-trace">java.lang.Throwable: Method com.AB.tests.flightReservation.FlightReservationTest.flightSearchTest() on instance com.AB.tests.flightReservation.FlightReservationTest@229c6181 depends on not successfully finished methods 
[com.AB.tests.flightReservation.FlightReservationTest.registrationConfirmationTest() on instance com.AB.tests.flightReservation.FlightReservationTest@229c6181]
	at java.base/java.util.ArrayList.forEach(ArrayList.java:1511)
	at java.base/java.util.concurrent.FutureTask.run(FutureTask.java:264)
	at java.base/java.util.concurrent.ThreadPoolExecutor.runWorker(ThreadPoolExecutor.java:1136)
	at java.base/java.util.concurrent.ThreadPoolExecutor$Worker.run(ThreadPoolExecutor.java:635)
	at java.base/java.lang.Thread.run(Thread.java:840)
... Removed 8 stack frames
</div> <!-- stack-trace -->
                </div> <!-- method-content -->
              </div> <!-- method -->
              <div class="method">
                <div class="method-content">
                  <a name="flightSearchTest">
                  </a> <!-- flightSearchTest -->
                  <span class="method-name">flightSearchTest</span>
                  <div class="stack-trace">java.lang.Throwable: Method com.AB.tests.flightReservation.FlightReservationTest.flightSearchTest() on instance com.AB.tests.flightReservation.FlightReservationTest@3012646b depends on not successfully finished methods 
[com.AB.tests.flightReservation.FlightReservationTest.registrationConfirmationTest() on instance com.AB.tests.flightReservation.FlightReservationTest@3012646b]
	at java.base/java.util.ArrayList.forEach(ArrayList.java:1511)
	at java.base/java.util.concurrent.FutureTask.run(FutureTask.java:264)
	at java.base/java.util.concurrent.ThreadPoolExecutor.runWorker(ThreadPoolExecutor.java:1136)
	at java.base/java.util.concurrent.ThreadPoolExecutor$Worker.run(ThreadPoolExecutor.java:635)
	at java.base/java.lang.Thread.run(Thread.java:840)
... Removed 8 stack frames
</div> <!-- stack-trace -->
                </div> <!-- method-content -->
              </div> <!-- method -->
              <div class="method">
                <div class="method-content">
                  <a name="flightSearchTest">
                  </a> <!-- flightSearchTest -->
                  <span class="method-name">flightSearchTest</span>
                  <div class="stack-trace">java.lang.Throwable: Method com.AB.tests.flightReservation.FlightReservationTest.flightSearchTest() on instance com.AB.tests.flightReservation.FlightReservationTest@791f145a depends on not successfully finished methods 
[com.AB.tests.flightReservation.FlightReservationTest.registrationConfirmationTest() on instance com.AB.tests.flightReservation.FlightReservationTest@791f145a]
	at java.base/java.util.ArrayList.forEach(ArrayList.java:1511)
	at java.base/java.util.concurrent.FutureTask.run(FutureTask.java:264)
	at java.base/java.util.concurrent.ThreadPoolExecutor.runWorker(ThreadPoolExecutor.java:1136)
	at java.base/java.util.concurrent.ThreadPoolExecutor$Worker.run(ThreadPoolExecutor.java:635)
	at java.base/java.lang.Thread.run(Thread.java:840)
... Removed 8 stack frames
</div> <!-- stack-trace -->
                </div> <!-- method-content -->
              </div> <!-- method -->
              <div class="method">
                <div class="method-content">
                  <a name="flightSelectionTest">
                  </a> <!-- flightSelectionTest -->
                  <span class="method-name">flightSelectionTest</span>
                  <div class="stack-trace">java.lang.Throwable: Method com.AB.tests.flightReservation.FlightReservationTest.flightSelectionTest() on instance com.AB.tests.flightReservation.FlightReservationTest@f09733f depends on not successfully finished methods 
[com.AB.tests.flightReservation.FlightReservationTest.flightSearchTest() on instance com.AB.tests.flightReservation.FlightReservationTest@f09733f]
	at java.base/java.util.ArrayList.forEach(ArrayList.java:1511)
	at java.base/java.util.concurrent.FutureTask.run(FutureTask.java:264)
	at java.base/java.util.concurrent.ThreadPoolExecutor.runWorker(ThreadPoolExecutor.java:1136)
	at java.base/java.util.concurrent.ThreadPoolExecutor$Worker.run(ThreadPoolExecutor.java:635)
	at java.base/java.lang.Thread.run(Thread.java:840)
... Removed 8 stack frames
</div> <!-- stack-trace -->
                </div> <!-- method-content -->
              </div> <!-- method -->
              <div class="method">
                <div class="method-content">
                  <a name="flightSelectionTest">
                  </a> <!-- flightSelectionTest -->
                  <span class="method-name">flightSelectionTest</span>
                  <div class="stack-trace">java.lang.Throwable: Method com.AB.tests.flightReservation.FlightReservationTest.flightSelectionTest() on instance com.AB.tests.flightReservation.FlightReservationTest@229c6181 depends on not successfully finished methods 
[com.AB.tests.flightReservation.FlightReservationTest.flightSearchTest() on instance com.AB.tests.flightReservation.FlightReservationTest@229c6181]
	at java.base/java.util.ArrayList.forEach(ArrayList.java:1511)
	at java.base/java.util.concurrent.FutureTask.run(FutureTask.java:264)
	at java.base/java.util.concurrent.ThreadPoolExecutor.runWorker(ThreadPoolExecutor.java:1136)
	at java.base/java.util.concurrent.ThreadPoolExecutor$Worker.run(ThreadPoolExecutor.java:635)
	at java.base/java.lang.Thread.run(Thread.java:840)
... Removed 8 stack frames
</div> <!-- stack-trace -->
                </div> <!-- method-content -->
              </div> <!-- method -->
              <div class="method">
                <div class="method-content">
                  <a name="flightSelectionTest">
                  </a> <!-- flightSelectionTest -->
                  <span class="method-name">flightSelectionTest</span>
                  <div class="stack-trace">java.lang.Throwable: Method com.AB.tests.flightReservation.FlightReservationTest.flightSelectionTest() on instance com.AB.tests.flightReservation.FlightReservationTest@3012646b depends on not successfully finished methods 
[com.AB.tests.flightReservation.FlightReservationTest.flightSearchTest() on instance com.AB.tests.flightReservation.FlightReservationTest@3012646b]
	at java.base/java.util.ArrayList.forEach(ArrayList.java:1511)
	at java.base/java.util.concurrent.FutureTask.run(FutureTask.java:264)
	at java.base/java.util.concurrent.ThreadPoolExecutor.runWorker(ThreadPoolExecutor.java:1136)
	at java.base/java.util.concurrent.ThreadPoolExecutor$Worker.run(ThreadPoolExecutor.java:635)
	at java.base/java.lang.Thread.run(Thread.java:840)
... Removed 8 stack frames
</div> <!-- stack-trace -->
                </div> <!-- method-content -->
              </div> <!-- method -->
              <div class="method">
                <div class="method-content">
                  <a name="flightSelectionTest">
                  </a> <!-- flightSelectionTest -->
                  <span class="method-name">flightSelectionTest</span>
                  <div class="stack-trace">java.lang.Throwable: Method com.AB.tests.flightReservation.FlightReservationTest.flightSelectionTest() on instance com.AB.tests.flightReservation.FlightReservationTest@791f145a depends on not successfully finished methods 
[com.AB.tests.flightReservation.FlightReservationTest.flightSearchTest() on instance com.AB.tests.flightReservation.FlightReservationTest@791f145a]
	at java.base/java.util.ArrayList.forEach(ArrayList.java:1511)
	at java.base/java.util.concurrent.FutureTask.run(FutureTask.java:264)
	at java.base/java.util.concurrent.ThreadPoolExecutor.runWorker(ThreadPoolExecutor.java:1136)
	at java.base/java.util.concurrent.ThreadPoolExecutor$Worker.run(ThreadPoolExecutor.java:635)
	at java.base/java.lang.Thread.run(Thread.java:840)
... Removed 8 stack frames
</div> <!-- stack-trace -->
                </div> <!-- method-content -->
              </div> <!-- method -->
              <div class="method">
                <div class="method-content">
                  <a name="registrationConfirmationTest">
                  </a> <!-- registrationConfirmationTest -->
                  <span class="method-name">registrationConfirmationTest</span>
                  <div class="stack-trace">java.lang.Throwable: Method com.AB.tests.flightReservation.FlightReservationTest.registrationConfirmationTest() on instance com.AB.tests.flightReservation.FlightReservationTest@f09733f depends on not successfully finished methods 
[com.AB.tests.flightReservation.FlightReservationTest.userRegistrationTest() on instance com.AB.tests.flightReservation.FlightReservationTest@f09733f]
	at java.base/java.util.ArrayList.forEach(ArrayList.java:1511)
	at java.base/java.util.concurrent.FutureTask.run(FutureTask.java:264)
	at java.base/java.util.concurrent.ThreadPoolExecutor.runWorker(ThreadPoolExecutor.java:1136)
	at java.base/java.util.concurrent.ThreadPoolExecutor$Worker.run(ThreadPoolExecutor.java:635)
	at java.base/java.lang.Thread.run(Thread.java:840)
... Removed 8 stack frames
</div> <!-- stack-trace -->
                </div> <!-- method-content -->
              </div> <!-- method -->
              <div class="method">
                <div class="method-content">
                  <a name="registrationConfirmationTest">
                  </a> <!-- registrationConfirmationTest -->
                  <span class="method-name">registrationConfirmationTest</span>
                  <div class="stack-trace">java.lang.Throwable: Method com.AB.tests.flightReservation.FlightReservationTest.registrationConfirmationTest() on instance com.AB.tests.flightReservation.FlightReservationTest@229c6181 depends on not successfully finished methods 
[com.AB.tests.flightReservation.FlightReservationTest.userRegistrationTest() on instance com.AB.tests.flightReservation.FlightReservationTest@229c6181]
	at java.base/java.util.ArrayList.forEach(ArrayList.java:1511)
	at java.base/java.util.concurrent.FutureTask.run(FutureTask.java:264)
	at java.base/java.util.concurrent.ThreadPoolExecutor.runWorker(ThreadPoolExecutor.java:1136)
	at java.base/java.util.concurrent.ThreadPoolExecutor$Worker.run(ThreadPoolExecutor.java:635)
	at java.base/java.lang.Thread.run(Thread.java:840)
... Removed 8 stack frames
</div> <!-- stack-trace -->
                </div> <!-- method-content -->
              </div> <!-- method -->
              <div class="method">
                <div class="method-content">
                  <a name="registrationConfirmationTest">
                  </a> <!-- registrationConfirmationTest -->
                  <span class="method-name">registrationConfirmationTest</span>
                  <div class="stack-trace">java.lang.Throwable: Method com.AB.tests.flightReservation.FlightReservationTest.registrationConfirmationTest() on instance com.AB.tests.flightReservation.FlightReservationTest@3012646b depends on not successfully finished methods 
[com.AB.tests.flightReservation.FlightReservationTest.userRegistrationTest() on instance com.AB.tests.flightReservation.FlightReservationTest@3012646b]
	at java.base/java.util.ArrayList.forEach(ArrayList.java:1511)
	at java.base/java.util.concurrent.FutureTask.run(FutureTask.java:264)
	at java.base/java.util.concurrent.ThreadPoolExecutor.runWorker(ThreadPoolExecutor.java:1136)
	at java.base/java.util.concurrent.ThreadPoolExecutor$Worker.run(ThreadPoolExecutor.java:635)
	at java.base/java.lang.Thread.run(Thread.java:840)
... Removed 8 stack frames
</div> <!-- stack-trace -->
                </div> <!-- method-content -->
              </div> <!-- method -->
              <div class="method">
                <div class="method-content">
                  <a name="registrationConfirmationTest">
                  </a> <!-- registrationConfirmationTest -->
                  <span class="method-name">registrationConfirmationTest</span>
                  <div class="stack-trace">java.lang.Throwable: Method com.AB.tests.flightReservation.FlightReservationTest.registrationConfirmationTest() on instance com.AB.tests.flightReservation.FlightReservationTest@791f145a depends on not successfully finished methods 
[com.AB.tests.flightReservation.FlightReservationTest.userRegistrationTest() on instance com.AB.tests.flightReservation.FlightReservationTest@791f145a]
	at java.base/java.util.ArrayList.forEach(ArrayList.java:1511)
	at java.base/java.util.concurrent.FutureTask.run(FutureTask.java:264)
	at java.base/java.util.concurrent.ThreadPoolExecutor.runWorker(ThreadPoolExecutor.java:1136)
	at java.base/java.util.concurrent.ThreadPoolExecutor$Worker.run(ThreadPoolExecutor.java:635)
	at java.base/java.lang.Thread.run(Thread.java:840)
... Removed 8 stack frames
</div> <!-- stack-trace -->
                </div> <!-- method-content -->
              </div> <!-- method -->
              <div class="method">
                <div class="method-content">
                  <a name="userRegistrationTest">
                  </a> <!-- userRegistrationTest -->
                  <span class="method-name">userRegistrationTest</span>
                  <div class="stack-trace">org.openqa.selenium.SessionNotCreatedException: Could not start a new session. Possible causes are invalid address of the remote server or browser start-up failure. 
Host info: host: &apos;1274e7bfc9a1&apos;, ip: &apos;172.17.0.2&apos;
	at org.openqa.selenium.remote.RemoteWebDriver.execute(RemoteWebDriver.java:563)
	at org.openqa.selenium.remote.RemoteWebDriver.startSession(RemoteWebDriver.java:245)
	at org.openqa.selenium.remote.RemoteWebDriver.&lt;init&gt;(RemoteWebDriver.java:174)
	at org.openqa.selenium.remote.RemoteWebDriver.&lt;init&gt;(RemoteWebDriver.java:152)
	at com.AB.tests.AbstractTest.getRemoteDriver(AbstractTest.java:59)
	at com.AB.tests.AbstractTest.setupDriver(AbstractTest.java:37)
	at java.base/java.util.concurrent.FutureTask.run(FutureTask.java:264)
	at java.base/java.util.concurrent.ThreadPoolExecutor.runWorker(ThreadPoolExecutor.java:1136)
	at java.base/java.util.concurrent.ThreadPoolExecutor$Worker.run(ThreadPoolExecutor.java:635)
	at java.base/java.lang.Thread.run(Thread.java:840)
Caused by: org.openqa.selenium.TimeoutException: java.net.http.HttpConnectTimeoutException: HTTP connect timed out
Build info: version: &apos;4.27.0&apos;, revision: &apos;d6e718d134&apos;
System info: os.name: &apos;Linux&apos;, os.arch: &apos;amd64&apos;, os.version: &apos;5.15.167.4-microsoft-standard-WSL2&apos;, java.version: &apos;17.0.15&apos;
Driver info: driver.version: unknown
	at org.openqa.selenium.remote.http.jdk.JdkHttpClient.execute0(JdkHttpClient.java:494)
	at org.openqa.selenium.remote.http.AddSeleniumUserAgent.lambda$apply$0(AddSeleniumUserAgent.java:42)
	at org.openqa.selenium.remote.http.Filter.lambda$andFinally$1(Filter.java:55)
	at org.openqa.selenium.remote.http.jdk.JdkHttpClient.lambda$executeAsync$1(JdkHttpClient.java:383)
	at java.base/java.util.concurrent.Executors$RunnableAdapter.call(Executors.java:539)
	... 4 more
Caused by: java.net.http.HttpConnectTimeoutException: HTTP connect timed out
	at java.net.http/jdk.internal.net.http.HttpClientImpl.send(HttpClientImpl.java:568)
	at java.net.http/jdk.internal.net.http.HttpClientFacade.send(HttpClientFacade.java:123)
	at org.openqa.selenium.remote.http.jdk.JdkHttpClient.execute0(JdkHttpClient.java:455)
	... 8 more
Caused by: java.net.http.HttpConnectTimeoutException: HTTP connect timed out
	at java.net.http/jdk.internal.net.http.MultiExchange.toTimeoutException(MultiExchange.java:580)
	at java.net.http/jdk.internal.net.http.MultiExchange.getExceptionalCF(MultiExchange.java:527)
	at java.net.http/jdk.internal.net.http.MultiExchange.lambda$responseAsyncImpl$7(MultiExchange.java:447)
	at java.base/java.util.concurrent.CompletableFuture.uniHandle(CompletableFuture.java:934)
	at java.base/java.util.concurrent.CompletableFuture$UniHandle.tryFire(CompletableFuture.java:911)
	at java.base/java.util.concurrent.CompletableFuture.postComplete(CompletableFuture.java:510)
	at java.base/java.util.concurrent.CompletableFuture.completeExceptionally(CompletableFuture.java:2162)
	at java.net.http/jdk.internal.net.http.Http1Exchange.lambda$cancelImpl$9(Http1Exchange.java:492)
	... 3 more
Caused by: java.net.ConnectException: HTTP connect timed out
	at java.net.http/jdk.internal.net.http.MultiExchange.toTimeoutException(MultiExchange.java:581)
	... 10 more
... Removed 14 stack frames
</div> <!-- stack-trace -->
                </div> <!-- method-content -->
              </div> <!-- method -->
              <div class="method">
                <div class="method-content">
                  <a name="userRegistrationTest">
                  </a> <!-- userRegistrationTest -->
                  <span class="method-name">userRegistrationTest</span>
                  <div class="stack-trace">org.openqa.selenium.SessionNotCreatedException: Could not start a new session. Possible causes are invalid address of the remote server or browser start-up failure. 
Host info: host: &apos;1274e7bfc9a1&apos;, ip: &apos;172.17.0.2&apos;
	at org.openqa.selenium.remote.RemoteWebDriver.execute(RemoteWebDriver.java:563)
	at org.openqa.selenium.remote.RemoteWebDriver.startSession(RemoteWebDriver.java:245)
	at org.openqa.selenium.remote.RemoteWebDriver.&lt;init&gt;(RemoteWebDriver.java:174)
	at org.openqa.selenium.remote.RemoteWebDriver.&lt;init&gt;(RemoteWebDriver.java:152)
	at com.AB.tests.AbstractTest.getRemoteDriver(AbstractTest.java:59)
	at com.AB.tests.AbstractTest.setupDriver(AbstractTest.java:37)
	at java.base/java.util.concurrent.FutureTask.run(FutureTask.java:264)
	at java.base/java.util.concurrent.ThreadPoolExecutor.runWorker(ThreadPoolExecutor.java:1136)
	at java.base/java.util.concurrent.ThreadPoolExecutor$Worker.run(ThreadPoolExecutor.java:635)
	at java.base/java.lang.Thread.run(Thread.java:840)
Caused by: org.openqa.selenium.TimeoutException: java.net.http.HttpConnectTimeoutException: HTTP connect timed out
Build info: version: &apos;4.27.0&apos;, revision: &apos;d6e718d134&apos;
System info: os.name: &apos;Linux&apos;, os.arch: &apos;amd64&apos;, os.version: &apos;5.15.167.4-microsoft-standard-WSL2&apos;, java.version: &apos;17.0.15&apos;
Driver info: driver.version: unknown
	at org.openqa.selenium.remote.http.jdk.JdkHttpClient.execute0(JdkHttpClient.java:494)
	at org.openqa.selenium.remote.http.AddSeleniumUserAgent.lambda$apply$0(AddSeleniumUserAgent.java:42)
	at org.openqa.selenium.remote.http.Filter.lambda$andFinally$1(Filter.java:55)
	at org.openqa.selenium.remote.http.jdk.JdkHttpClient.lambda$executeAsync$1(JdkHttpClient.java:383)
	at java.base/java.util.concurrent.Executors$RunnableAdapter.call(Executors.java:539)
	... 4 more
Caused by: java.net.http.HttpConnectTimeoutException: HTTP connect timed out
	at java.net.http/jdk.internal.net.http.HttpClientImpl.send(HttpClientImpl.java:568)
	at java.net.http/jdk.internal.net.http.HttpClientFacade.send(HttpClientFacade.java:123)
	at org.openqa.selenium.remote.http.jdk.JdkHttpClient.execute0(JdkHttpClient.java:455)
	... 8 more
Caused by: java.net.http.HttpConnectTimeoutException: HTTP connect timed out
	at java.net.http/jdk.internal.net.http.MultiExchange.toTimeoutException(MultiExchange.java:580)
	at java.net.http/jdk.internal.net.http.MultiExchange.getExceptionalCF(MultiExchange.java:527)
	at java.net.http/jdk.internal.net.http.MultiExchange.lambda$responseAsyncImpl$7(MultiExchange.java:447)
	at java.base/java.util.concurrent.CompletableFuture.uniHandle(CompletableFuture.java:934)
	at java.base/java.util.concurrent.CompletableFuture$UniHandle.tryFire(CompletableFuture.java:911)
	at java.base/java.util.concurrent.CompletableFuture.postComplete(CompletableFuture.java:510)
	at java.base/java.util.concurrent.CompletableFuture.completeExceptionally(CompletableFuture.java:2162)
	at java.net.http/jdk.internal.net.http.Http1Exchange.lambda$cancelImpl$9(Http1Exchange.java:492)
	... 3 more
Caused by: java.net.ConnectException: HTTP connect timed out
	at java.net.http/jdk.internal.net.http.MultiExchange.toTimeoutException(MultiExchange.java:581)
	... 10 more
... Removed 14 stack frames
</div> <!-- stack-trace -->
                </div> <!-- method-content -->
              </div> <!-- method -->
              <div class="method">
                <div class="method-content">
                  <a name="userRegistrationTest">
                  </a> <!-- userRegistrationTest -->
                  <span class="method-name">userRegistrationTest</span>
                  <div class="stack-trace">org.openqa.selenium.SessionNotCreatedException: Could not start a new session. Possible causes are invalid address of the remote server or browser start-up failure. 
Host info: host: &apos;1274e7bfc9a1&apos;, ip: &apos;172.17.0.2&apos;
	at org.openqa.selenium.remote.RemoteWebDriver.execute(RemoteWebDriver.java:563)
	at org.openqa.selenium.remote.RemoteWebDriver.startSession(RemoteWebDriver.java:245)
	at org.openqa.selenium.remote.RemoteWebDriver.&lt;init&gt;(RemoteWebDriver.java:174)
	at org.openqa.selenium.remote.RemoteWebDriver.&lt;init&gt;(RemoteWebDriver.java:152)
	at com.AB.tests.AbstractTest.getRemoteDriver(AbstractTest.java:59)
	at com.AB.tests.AbstractTest.setupDriver(AbstractTest.java:37)
	at java.base/java.util.concurrent.FutureTask.run(FutureTask.java:264)
	at java.base/java.util.concurrent.ThreadPoolExecutor.runWorker(ThreadPoolExecutor.java:1136)
	at java.base/java.util.concurrent.ThreadPoolExecutor$Worker.run(ThreadPoolExecutor.java:635)
	at java.base/java.lang.Thread.run(Thread.java:840)
Caused by: org.openqa.selenium.TimeoutException: java.net.http.HttpConnectTimeoutException: HTTP connect timed out
Build info: version: &apos;4.27.0&apos;, revision: &apos;d6e718d134&apos;
System info: os.name: &apos;Linux&apos;, os.arch: &apos;amd64&apos;, os.version: &apos;5.15.167.4-microsoft-standard-WSL2&apos;, java.version: &apos;17.0.15&apos;
Driver info: driver.version: unknown
	at org.openqa.selenium.remote.http.jdk.JdkHttpClient.execute0(JdkHttpClient.java:494)
	at org.openqa.selenium.remote.http.AddSeleniumUserAgent.lambda$apply$0(AddSeleniumUserAgent.java:42)
	at org.openqa.selenium.remote.http.Filter.lambda$andFinally$1(Filter.java:55)
	at org.openqa.selenium.remote.http.jdk.JdkHttpClient.lambda$executeAsync$1(JdkHttpClient.java:383)
	at java.base/java.util.concurrent.Executors$RunnableAdapter.call(Executors.java:539)
	... 4 more
Caused by: java.net.http.HttpConnectTimeoutException: HTTP connect timed out
	at java.net.http/jdk.internal.net.http.HttpClientImpl.send(HttpClientImpl.java:568)
	at java.net.http/jdk.internal.net.http.HttpClientFacade.send(HttpClientFacade.java:123)
	at org.openqa.selenium.remote.http.jdk.JdkHttpClient.execute0(JdkHttpClient.java:455)
	... 8 more
Caused by: java.net.http.HttpConnectTimeoutException: HTTP connect timed out
	at java.net.http/jdk.internal.net.http.MultiExchange.toTimeoutException(MultiExchange.java:580)
	at java.net.http/jdk.internal.net.http.MultiExchange.getExceptionalCF(MultiExchange.java:527)
	at java.net.http/jdk.internal.net.http.MultiExchange.lambda$responseAsyncImpl$7(MultiExchange.java:447)
	at java.base/java.util.concurrent.CompletableFuture.uniHandle(CompletableFuture.java:934)
	at java.base/java.util.concurrent.CompletableFuture$UniHandle.tryFire(CompletableFuture.java:911)
	at java.base/java.util.concurrent.CompletableFuture.postComplete(CompletableFuture.java:510)
	at java.base/java.util.concurrent.CompletableFuture.completeExceptionally(CompletableFuture.java:2162)
	at java.net.http/jdk.internal.net.http.Http1Exchange.lambda$cancelImpl$9(Http1Exchange.java:492)
	... 3 more
Caused by: java.net.ConnectException: HTTP connect timed out
	at java.net.http/jdk.internal.net.http.MultiExchange.toTimeoutException(MultiExchange.java:581)
	... 10 more
... Removed 14 stack frames
</div> <!-- stack-trace -->
                </div> <!-- method-content -->
              </div> <!-- method -->
              <div class="method">
                <div class="method-content">
                  <a name="userRegistrationTest">
                  </a> <!-- userRegistrationTest -->
                  <span class="method-name">userRegistrationTest</span>
                  <div class="stack-trace">org.openqa.selenium.SessionNotCreatedException: Could not start a new session. Possible causes are invalid address of the remote server or browser start-up failure. 
Host info: host: &apos;1274e7bfc9a1&apos;, ip: &apos;172.17.0.2&apos;
	at org.openqa.selenium.remote.RemoteWebDriver.execute(RemoteWebDriver.java:563)
	at org.openqa.selenium.remote.RemoteWebDriver.startSession(RemoteWebDriver.java:245)
	at org.openqa.selenium.remote.RemoteWebDriver.&lt;init&gt;(RemoteWebDriver.java:174)
	at org.openqa.selenium.remote.RemoteWebDriver.&lt;init&gt;(RemoteWebDriver.java:152)
	at com.AB.tests.AbstractTest.getRemoteDriver(AbstractTest.java:59)
	at com.AB.tests.AbstractTest.setupDriver(AbstractTest.java:37)
	at java.base/java.util.concurrent.FutureTask.run(FutureTask.java:264)
	at java.base/java.util.concurrent.ThreadPoolExecutor.runWorker(ThreadPoolExecutor.java:1136)
	at java.base/java.util.concurrent.ThreadPoolExecutor$Worker.run(ThreadPoolExecutor.java:635)
	at java.base/java.lang.Thread.run(Thread.java:840)
Caused by: org.openqa.selenium.TimeoutException: java.net.http.HttpConnectTimeoutException: HTTP connect timed out
Build info: version: &apos;4.27.0&apos;, revision: &apos;d6e718d134&apos;
System info: os.name: &apos;Linux&apos;, os.arch: &apos;amd64&apos;, os.version: &apos;5.15.167.4-microsoft-standard-WSL2&apos;, java.version: &apos;17.0.15&apos;
Driver info: driver.version: unknown
	at org.openqa.selenium.remote.http.jdk.JdkHttpClient.execute0(JdkHttpClient.java:494)
	at org.openqa.selenium.remote.http.AddSeleniumUserAgent.lambda$apply$0(AddSeleniumUserAgent.java:42)
	at org.openqa.selenium.remote.http.Filter.lambda$andFinally$1(Filter.java:55)
	at org.openqa.selenium.remote.http.jdk.JdkHttpClient.lambda$executeAsync$1(JdkHttpClient.java:383)
	at java.base/java.util.concurrent.Executors$RunnableAdapter.call(Executors.java:539)
	... 4 more
Caused by: java.net.http.HttpConnectTimeoutException: HTTP connect timed out
	at java.net.http/jdk.internal.net.http.HttpClientImpl.send(HttpClientImpl.java:568)
	at java.net.http/jdk.internal.net.http.HttpClientFacade.send(HttpClientFacade.java:123)
	at org.openqa.selenium.remote.http.jdk.JdkHttpClient.execute0(JdkHttpClient.java:455)
	... 8 more
Caused by: java.net.http.HttpConnectTimeoutException: HTTP connect timed out
	at java.net.http/jdk.internal.net.http.MultiExchange.toTimeoutException(MultiExchange.java:580)
	at java.net.http/jdk.internal.net.http.MultiExchange.getExceptionalCF(MultiExchange.java:527)
	at java.net.http/jdk.internal.net.http.MultiExchange.lambda$responseAsyncImpl$7(MultiExchange.java:447)
	at java.base/java.util.concurrent.CompletableFuture.uniHandle(CompletableFuture.java:934)
	at java.base/java.util.concurrent.CompletableFuture$UniHandle.tryFire(CompletableFuture.java:911)
	at java.base/java.util.concurrent.CompletableFuture.postComplete(CompletableFuture.java:510)
	at java.base/java.util.concurrent.CompletableFuture.completeExceptionally(CompletableFuture.java:2162)
	at java.net.http/jdk.internal.net.http.Http1Exchange.lambda$cancelImpl$9(Http1Exchange.java:492)
	... 3 more
Caused by: java.net.ConnectException: HTTP connect timed out
	at java.net.http/jdk.internal.net.http.MultiExchange.toTimeoutException(MultiExchange.java:581)
	... 10 more
... Removed 14 stack frames
</div> <!-- stack-trace -->
                </div> <!-- method-content -->
              </div> <!-- method -->
            </div> <!-- main-panel-content rounded-window-bottom -->
          </div> <!-- suite-Flight_Reservation_Test_Suite-class-skipped -->
        </div> <!-- panel Flight_Reservation_Test_Suite -->
        <div panel-name="test-xml-Flight_Reservation_Test_Suite" class="panel">
          <div class="main-panel-header rounded-window-top">
            <span class="header-content">/home/selenium-docker/test-suites/flight-reservation.xml</span>
          </div> <!-- main-panel-header rounded-window-top -->
          <div class="main-panel-content rounded-window-bottom">
            <pre>
&lt;?xml version=&quot;1.0&quot; encoding=&quot;UTF-8&quot;?&gt;
&lt;!DOCTYPE suite SYSTEM &quot;https://testng.org/testng-1.0.dtd&quot;&gt;
&lt;suite thread-count=&quot;4&quot; parallel=&quot;tests&quot; name=&quot;Flight Reservation Test Suite&quot; guice-stage=&quot;DEVELOPMENT&quot;&gt;
  &lt;test thread-count=&quot;4&quot; parallel=&quot;tests&quot; name=&quot;Cucumber Tests&quot;&gt;
    &lt;classes&gt;
      &lt;class name=&quot;com.AB.cucumber.options.TestRunner&quot;/&gt;
    &lt;/classes&gt;
  &lt;/test&gt; &lt;!-- Cucumber Tests --&gt;
  &lt;test thread-count=&quot;4&quot; parallel=&quot;tests&quot; name=&quot;passengers-count-1&quot;&gt;
    &lt;parameter name=&quot;testDataPath&quot; value=&quot;test-data/flight-reservation/passenger-1.json&quot;/&gt;
    &lt;classes&gt;
      &lt;class name=&quot;com.AB.tests.flightReservation.FlightReservationTest&quot;/&gt;
    &lt;/classes&gt;
  &lt;/test&gt; &lt;!-- passengers-count-1 --&gt;
  &lt;test thread-count=&quot;4&quot; parallel=&quot;tests&quot; name=&quot;passengers-count-2&quot;&gt;
    &lt;parameter name=&quot;testDataPath&quot; value=&quot;test-data/flight-reservation/passenger-2.json&quot;/&gt;
    &lt;classes&gt;
      &lt;class name=&quot;com.AB.tests.flightReservation.FlightReservationTest&quot;/&gt;
    &lt;/classes&gt;
  &lt;/test&gt; &lt;!-- passengers-count-2 --&gt;
  &lt;test thread-count=&quot;4&quot; parallel=&quot;tests&quot; name=&quot;passengers-count-3&quot;&gt;
    &lt;parameter name=&quot;testDataPath&quot; value=&quot;test-data/flight-reservation/passenger-3.json&quot;/&gt;
    &lt;classes&gt;
      &lt;class name=&quot;com.AB.tests.flightReservation.FlightReservationTest&quot;/&gt;
    &lt;/classes&gt;
  &lt;/test&gt; &lt;!-- passengers-count-3 --&gt;
  &lt;test thread-count=&quot;4&quot; parallel=&quot;tests&quot; name=&quot;passengers-count-4&quot;&gt;
    &lt;parameter name=&quot;testDataPath&quot; value=&quot;test-data/flight-reservation/passenger-4.json&quot;/&gt;
    &lt;classes&gt;
      &lt;class name=&quot;com.AB.tests.flightReservation.FlightReservationTest&quot;/&gt;
    &lt;/classes&gt;
  &lt;/test&gt; &lt;!-- passengers-count-4 --&gt;
&lt;/suite&gt; &lt;!-- Flight Reservation Test Suite --&gt;
            </pre>
          </div> <!-- main-panel-content rounded-window-bottom -->
        </div> <!-- panel -->
        <div panel-name="testlist-Flight_Reservation_Test_Suite" class="panel">
          <div class="main-panel-header rounded-window-top">
            <span class="header-content">Tests for Flight Reservation Test Suite</span>
          </div> <!-- main-panel-header rounded-window-top -->
          <div class="main-panel-content rounded-window-bottom">
            <ul>
              <li>
                <span class="test-name">Cucumber Tests (1 class)</span>
              </li>
              <li>
                <span class="test-name">passengers-count-1 (1 class)</span>
              </li>
              <li>
                <span class="test-name">passengers-count-2 (1 class)</span>
              </li>
              <li>
                <span class="test-name">passengers-count-3 (1 class)</span>
              </li>
              <li>
                <span class="test-name">passengers-count-4 (1 class)</span>
              </li>
            </ul>
          </div> <!-- main-panel-content rounded-window-bottom -->
        </div> <!-- panel -->
        <div panel-name="group-Flight_Reservation_Test_Suite" class="panel">
          <div class="main-panel-header rounded-window-top">
            <span class="header-content">Groups for Flight Reservation Test Suite</span>
          </div> <!-- main-panel-header rounded-window-top -->
          <div class="main-panel-content rounded-window-bottom">
          </div> <!-- main-panel-content rounded-window-bottom -->
        </div> <!-- panel -->
        <div panel-name="times-Flight_Reservation_Test_Suite" class="panel">
          <div class="main-panel-header rounded-window-top">
            <span class="header-content">Times for Flight Reservation Test Suite</span>
          </div> <!-- main-panel-header rounded-window-top -->
          <div class="main-panel-content rounded-window-bottom">
            <div class="times-div">
              <script type="text/javascript">
suiteTableInitFunctions.push('tableData_Flight_Reservation_Test_Suite');
function tableData_Flight_Reservation_Test_Suite() {
var data = new google.visualization.DataTable();
data.addColumn('number', 'Number');
data.addColumn('string', 'Method');
data.addColumn('string', 'Class');
data.addColumn('number', 'Time (ms)');
data.addRows(20);
data.setCell(0, 0, 0)
data.setCell(0, 1, 'flightConfirmationTest')
data.setCell(0, 2, 'com.AB.tests.flightReservation.FlightReservationTest')
data.setCell(0, 3, 1);
data.setCell(1, 0, 1)
data.setCell(1, 1, 'flightSelectionTest')
data.setCell(1, 2, 'com.AB.tests.flightReservation.FlightReservationTest')
data.setCell(1, 3, 1);
data.setCell(2, 0, 2)
data.setCell(2, 1, 'registrationConfirmationTest')
data.setCell(2, 2, 'com.AB.tests.flightReservation.FlightReservationTest')
data.setCell(2, 3, 1);
data.setCell(3, 0, 3)
data.setCell(3, 1, 'flightSearchTest')
data.setCell(3, 2, 'com.AB.tests.flightReservation.FlightReservationTest')
data.setCell(3, 3, 1);
data.setCell(4, 0, 4)
data.setCell(4, 1, 'registrationConfirmationTest')
data.setCell(4, 2, 'com.AB.tests.flightReservation.FlightReservationTest')
data.setCell(4, 3, 1);
data.setCell(5, 0, 5)
data.setCell(5, 1, 'flightSearchTest')
data.setCell(5, 2, 'com.AB.tests.flightReservation.FlightReservationTest')
data.setCell(5, 3, 0);
data.setCell(6, 0, 6)
data.setCell(6, 1, 'userRegistrationTest')
data.setCell(6, 2, 'com.AB.tests.flightReservation.FlightReservationTest')
data.setCell(6, 3, 0);
data.setCell(7, 0, 7)
data.setCell(7, 1, 'registrationConfirmationTest')
data.setCell(7, 2, 'com.AB.tests.flightReservation.FlightReservationTest')
data.setCell(7, 3, 0);
data.setCell(8, 0, 8)
data.setCell(8, 1, 'flightSelectionTest')
data.setCell(8, 2, 'com.AB.tests.flightReservation.FlightReservationTest')
data.setCell(8, 3, 0);
data.setCell(9, 0, 9)
data.setCell(9, 1, 'flightConfirmationTest')
data.setCell(9, 2, 'com.AB.tests.flightReservation.FlightReservationTest')
data.setCell(9, 3, 0);
data.setCell(10, 0, 10)
data.setCell(10, 1, 'flightSearchTest')
data.setCell(10, 2, 'com.AB.tests.flightReservation.FlightReservationTest')
data.setCell(10, 3, 0);
data.setCell(11, 0, 11)
data.setCell(11, 1, 'userRegistrationTest')
data.setCell(11, 2, 'com.AB.tests.flightReservation.FlightReservationTest')
data.setCell(11, 3, 0);
data.setCell(12, 0, 12)
data.setCell(12, 1, 'flightSearchTest')
data.setCell(12, 2, 'com.AB.tests.flightReservation.FlightReservationTest')
data.setCell(12, 3, 0);
data.setCell(13, 0, 13)
data.setCell(13, 1, 'registrationConfirmationTest')
data.setCell(13, 2, 'com.AB.tests.flightReservation.FlightReservationTest')
data.setCell(13, 3, 0);
data.setCell(14, 0, 14)
data.setCell(14, 1, 'flightSelectionTest')
data.setCell(14, 2, 'com.AB.tests.flightReservation.FlightReservationTest')
data.setCell(14, 3, 0);
data.setCell(15, 0, 15)
data.setCell(15, 1, 'flightConfirmationTest')
data.setCell(15, 2, 'com.AB.tests.flightReservation.FlightReservationTest')
data.setCell(15, 3, 0);
data.setCell(16, 0, 16)
data.setCell(16, 1, 'userRegistrationTest')
data.setCell(16, 2, 'com.AB.tests.flightReservation.FlightReservationTest')
data.setCell(16, 3, 0);
data.setCell(17, 0, 17)
data.setCell(17, 1, 'userRegistrationTest')
data.setCell(17, 2, 'com.AB.tests.flightReservation.FlightReservationTest')
data.setCell(17, 3, 0);
data.setCell(18, 0, 18)
data.setCell(18, 1, 'flightSelectionTest')
data.setCell(18, 2, 'com.AB.tests.flightReservation.FlightReservationTest')
data.setCell(18, 3, 0);
data.setCell(19, 0, 19)
data.setCell(19, 1, 'flightConfirmationTest')
data.setCell(19, 2, 'com.AB.tests.flightReservation.FlightReservationTest')
data.setCell(19, 3, 0);
window.suiteTableData['Flight_Reservation_Test_Suite']= { tableData: data, tableDiv: 'times-div-Flight_Reservation_Test_Suite'}
return data;
}
              </script>
              <span class="suite-total-time">Total running time: 10 seconds</span>
              <div id="times-div-Flight_Reservation_Test_Suite">
              </div> <!-- times-div-Flight_Reservation_Test_Suite -->
            </div> <!-- times-div -->
          </div> <!-- main-panel-content rounded-window-bottom -->
        </div> <!-- panel -->
        <div panel-name="reporter-Flight_Reservation_Test_Suite" class="panel">
          <div class="main-panel-header rounded-window-top">
            <span class="header-content">Reporter output for Flight Reservation Test Suite</span>
          </div> <!-- main-panel-header rounded-window-top -->
          <div class="main-panel-content rounded-window-bottom">
          </div> <!-- main-panel-content rounded-window-bottom -->
        </div> <!-- panel -->
        <div panel-name="ignored-methods-Flight_Reservation_Test_Suite" class="panel">
          <div class="main-panel-header rounded-window-top">
            <span class="header-content">0 ignored methods</span>
          </div> <!-- main-panel-header rounded-window-top -->
          <div class="main-panel-content rounded-window-bottom">
          </div> <!-- main-panel-content rounded-window-bottom -->
        </div> <!-- panel -->
        <div panel-name="chronological-Flight_Reservation_Test_Suite" class="panel">
          <div class="main-panel-header rounded-window-top">
            <span class="header-content">Methods in chronological order</span>
          </div> <!-- main-panel-header rounded-window-top -->
          <div class="main-panel-content rounded-window-bottom">
            <div class="chronological-class">
              <div class="chronological-class-name">com.AB.tests.flightReservation.FlightReservationTest</div> <!-- chronological-class-name -->
              <div class="configuration-suite before">
                <span class="method-name">setupConfig</span>
                <span class="method-start">0 ms</span>
              </div> <!-- configuration-suite before -->
              <div class="configuration-test before">
                <img src="failed.png">
                </img>
                <span class="method-name">setupDriver(org.testng.TestRunner@7ad64855)</span>
                <span class="method-start">22 ms</span>
              </div> <!-- configuration-test before -->
              <div class="configuration-test before">
                <img src="failed.png">
                </img>
                <span class="method-name">setupDriver(org.testng.TestRunner@7c693f66)</span>
                <span class="method-start">22 ms</span>
              </div> <!-- configuration-test before -->
              <div class="configuration-test before">
                <img src="failed.png">
                </img>
                <span class="method-name">setupDriver(org.testng.TestRunner@332d24a8)</span>
                <span class="method-start">22 ms</span>
              </div> <!-- configuration-test before -->
            </div> <!-- chronological-class -->
            <div class="chronological-class">
              <div class="chronological-class-name">com.AB.cucumber.options.TestRunner</div> <!-- chronological-class-name -->
              <div class="configuration-class before">
                <span class="method-name">setUpClass(org.testng.TestRunner@7bd7d6d6)</span>
                <span class="method-start">34 ms</span>
              </div> <!-- configuration-class before -->
              <div class="configuration-class after">
                <span class="method-name">tearDownClass</span>
                <span class="method-start">163 ms</span>
              </div> <!-- configuration-class after -->
            </div> <!-- chronological-class -->
            <div class="chronological-class">
              <div class="chronological-class-name">com.AB.tests.flightReservation.FlightReservationTest</div> <!-- chronological-class-name -->
              <div class="configuration-test before">
                <img src="failed.png">
                </img>
                <span class="method-name">setupDriver(org.testng.TestRunner@6c5b3a2a)</span>
                <span class="method-start">265 ms</span>
              </div> <!-- configuration-test before -->
          </div> <!-- main-panel-content rounded-window-bottom -->
        </div> <!-- panel -->
      </div> <!-- main-panel-root -->
    </div> <!-- wrapper -->
  </body>
<script type="text/javascript" src="testng-reports2.js"></script>
</html>
