<?xml version="1.0" encoding="UTF-8"?>
<!-- Generated by org.testng.reporters.JUnitXMLReporter -->
<testsuite ignored="0" hostname="1274e7bfc9a1" failures="0" tests="5" name="passengers-count-1" time="10.566" errors="0" timestamp="2025-05-02T05:18:46 UTC">
  <testcase classname="com.AB.tests.AbstractTest" name="@BeforeTest setupDriver" time="10.523">
    <failure type="org.openqa.selenium.SessionNotCreatedException" message="Could not start a new session. Possible causes are invalid address of the remote server or browser start-up failure. 
Host info: host: &amp;apos;1274e7bfc9a1&amp;apos;, ip: &amp;apos;172.17.0.2&amp;apos;">
      <![CDATA[org.openqa.selenium.SessionNotCreatedException: Could not start a new session. Possible causes are invalid address of the remote server or browser start-up failure. 
Host info: host: '1274e7bfc9a1', ip: '172.17.0.2'
at org.openqa.selenium.remote.RemoteWebDriver.execute(RemoteWebDriver.java:563)
at org.openqa.selenium.remote.RemoteWebDriver.startSession(RemoteWebDriver.java:245)
at org.openqa.selenium.remote.RemoteWebDriver.<init>(RemoteWebDriver.java:174)
at org.openqa.selenium.remote.RemoteWebDriver.<init>(RemoteWebDriver.java:152)
at com.AB.tests.AbstractTest.getRemoteDriver(AbstractTest.java:59)
at com.AB.tests.AbstractTest.setupDriver(AbstractTest.java:37)
at java.base/java.util.concurrent.FutureTask.run(FutureTask.java:264)
at java.base/java.util.concurrent.ThreadPoolExecutor.runWorker(ThreadPoolExecutor.java:1136)
at java.base/java.util.concurrent.ThreadPoolExecutor$Worker.run(ThreadPoolExecutor.java:635)
at java.base/java.lang.Thread.run(Thread.java:840)
Caused by: org.openqa.selenium.TimeoutException: java.net.http.HttpConnectTimeoutException: HTTP connect timed out
Build info: version: '4.27.0', revision: 'd6e718d134'
System info: os.name: 'Linux', os.arch: 'amd64', os.version: '5.15.167.4-microsoft-standard-WSL2', java.version: '17.0.15'
Driver info: driver.version: unknown
at org.openqa.selenium.remote.http.jdk.JdkHttpClient.execute0(JdkHttpClient.java:494)
at org.openqa.selenium.remote.http.AddSeleniumUserAgent.lambda$apply$0(AddSeleniumUserAgent.java:42)
at org.openqa.selenium.remote.http.Filter.lambda$andFinally$1(Filter.java:55)
at org.openqa.selenium.remote.http.jdk.JdkHttpClient.lambda$executeAsync$1(JdkHttpClient.java:383)
at java.base/java.util.concurrent.Executors$RunnableAdapter.call(Executors.java:539)
... 4 more
Caused by: java.net.http.HttpConnectTimeoutException: HTTP connect timed out
at java.net.http/jdk.internal.net.http.HttpClientImpl.send(HttpClientImpl.java:568)
at java.net.http/jdk.internal.net.http.HttpClientFacade.send(HttpClientFacade.java:123)
at org.openqa.selenium.remote.http.jdk.JdkHttpClient.execute0(JdkHttpClient.java:455)
... 8 more
Caused by: java.net.http.HttpConnectTimeoutException: HTTP connect timed out
at java.net.http/jdk.internal.net.http.MultiExchange.toTimeoutException(MultiExchange.java:580)
at java.net.http/jdk.internal.net.http.MultiExchange.getExceptionalCF(MultiExchange.java:527)
at java.net.http/jdk.internal.net.http.MultiExchange.lambda$responseAsyncImpl$7(MultiExchange.java:447)
at java.base/java.util.concurrent.CompletableFuture.uniHandle(CompletableFuture.java:934)
at java.base/java.util.concurrent.CompletableFuture$UniHandle.tryFire(CompletableFuture.java:911)
at java.base/java.util.concurrent.CompletableFuture.postComplete(CompletableFuture.java:510)
at java.base/java.util.concurrent.CompletableFuture.completeExceptionally(CompletableFuture.java:2162)
at java.net.http/jdk.internal.net.http.Http1Exchange.lambda$cancelImpl$9(Http1Exchange.java:492)
... 3 more
Caused by: java.net.ConnectException: HTTP connect timed out
at java.net.http/jdk.internal.net.http.MultiExchange.toTimeoutException(MultiExchange.java:581)
... 10 more
... Removed 14 stack frames]]>
    </failure>
  </testcase> <!-- @BeforeTest setupDriver -->
  <testcase classname="com.AB.tests.flightReservation.FlightReservationTest" name="@BeforeTest setParameters" time="0.0">
    <skipped/>
  </testcase> <!-- @BeforeTest setParameters -->
  <testcase classname="com.AB.tests.AbstractTest" name="@AfterTest tearDown" time="0.0">
    <skipped/>
  </testcase> <!-- @AfterTest tearDown -->
  <testcase classname="com.AB.tests.flightReservation.FlightReservationTest" name="userRegistrationTest" time="0.0">
    <skipped/>
  </testcase> <!-- userRegistrationTest -->
  <testcase classname="com.AB.tests.flightReservation.FlightReservationTest" name="registrationConfirmationTest" time="0.0">
    <skipped/>
  </testcase> <!-- registrationConfirmationTest -->
  <testcase classname="com.AB.tests.flightReservation.FlightReservationTest" name="flightSearchTest" time="0.0">
    <skipped/>
  </testcase> <!-- flightSearchTest -->
  <testcase classname="com.AB.tests.flightReservation.FlightReservationTest" name="flightSelectionTest" time="0.0">
    <skipped/>
  </testcase> <!-- flightSelectionTest -->
  <testcase classname="com.AB.tests.flightReservation.FlightReservationTest" name="flightConfirmationTest" time="0.0">
    <skipped/>
  </testcase> <!-- flightConfirmationTest -->
</testsuite> <!-- passengers-count-1 -->
